Build started 22-09-2021 10.11.52 AM.
     1>Project "C:\Users\suprithks\documents\visual studio 2010\Projects\rsa encryption decryption\rsa encryption decryption\rsa encryption decryption.vcxproj" on node 2 (build target(s)).
     1>InitializeBuildStatus:
         Creating "Debug\rsa encryption decryption.unsuccessfulbuild" because "AlwaysCreate" was specified.
       ClCompile:
         All outputs are up-to-date.
         C:\Program Files (x86)\Microsoft Visual Studio 10.0\VC\bin\CL.exe /c /ZI /nologo /W3 /WX- /Od /Oy- /D WIN32 /D _DEBUG /D _CONSOLE /D _UNICODE /D UNICODE /Gm /EHsc /RTC1 /MDd /GS /fp:precise /Zc:wchar_t /Zc:forScope /Yu"StdAfx.h" /Fp"Debug\rsa encryption decryption.pch" /Fo"Debug\\" /Fd"Debug\vc100.pdb" /Gd /TP /analyze- /errorReport:prompt "rsa encryption decryption.cpp"
         rsa encryption decryption.cpp
     1>c:\users\suprithks\documents\visual studio 2010\projects\rsa encryption decryption\rsa encryption decryption\rsa encryption decryption.cpp(385): warning C4101: 'encrypted' : unreferenced local variable
       ManifestResourceCompile:
         All outputs are up-to-date.
       Link:
         C:\Program Files (x86)\Microsoft Visual Studio 10.0\VC\bin\link.exe /ERRORREPORT:PROMPT /OUT:"C:\Users\suprithks\documents\visual studio 2010\Projects\rsa encryption decryption\Debug\rsa encryption decryption.exe" /INCREMENTAL /NOLOGO kernel32.lib user32.lib gdi32.lib winspool.lib comdlg32.lib advapi32.lib shell32.lib ole32.lib oleaut32.lib uuid.lib odbc32.lib odbccp32.lib /MANIFEST /ManifestFile:"Debug\rsa encryption decryption.exe.intermediate.manifest" /MANIFESTUAC:"level='asInvoker' uiAccess='false'" /DEBUG /PDB:"C:\Users\suprithks\documents\visual studio 2010\Projects\rsa encryption decryption\Debug\rsa encryption decryption.pdb" /SUBSYSTEM:CONSOLE /TLBID:1 /DYNAMICBASE /NXCOMPAT /IMPLIB:"C:\Users\suprithks\documents\visual studio 2010\Projects\rsa encryption decryption\Debug\rsa encryption decryption.lib" /MACHINE:X86 "Debug\rsa encryption decryption.exe.embed.manifest.res"
         "Debug\rsa encryption decryption.obj"
         Debug\stdafx.obj
       Manifest:
         C:\Program Files (x86)\Microsoft SDKs\Windows\v7.0A\bin\mt.exe /nologo /verbose /out:"Debug\rsa encryption decryption.exe.embed.manifest" /manifest "Debug\rsa encryption decryption.exe.intermediate.manifest"
         All outputs are up-to-date.
       LinkEmbedManifest:
         All outputs are up-to-date.
         rsa encryption decryption.vcxproj -> C:\Users\suprithks\documents\visual studio 2010\Projects\rsa encryption decryption\Debug\rsa encryption decryption.exe
       FinalizeBuildStatus:
         Deleting file "Debug\rsa encryption decryption.unsuccessfulbuild".
         Touching "Debug\rsa encryption decryption.lastbuildstate".
     1>Done Building Project "C:\Users\suprithks\documents\visual studio 2010\Projects\rsa encryption decryption\rsa encryption decryption\rsa encryption decryption.vcxproj" (build target(s)).

Build succeeded.

Time Elapsed 00:00:05.62
